<?xml version="1.0" encoding="UTF-8"?>
<!-- Generated by org.testng.reporters.JUnitReportReporter -->
<testsuite hostname="E0473750" name="tests.RegisterationTestWithDataProvider" tests="2" failures="0" timestamp="21 Apr 2019 19:23:47 GMT" time="21.640" errors="0">
  <testcase name="UserCanRegister" time="14.066" classname="tests.RegisterationTestWithDataProvider"/>
  <testcase name="UserCanRegister" time="7.574" classname="tests.RegisterationTestWithDataProvider"/>
</testsuite> <!-- tests.RegisterationTestWithDataProvider -->
