<?xml version="1.0" encoding="UTF-8"?>
<!-- Generated by org.testng.reporters.JUnitReportReporter -->
<testsuite hostname="DESKTOP-J4QN1N8" name="tests.TC3_testing" tests="1" failures="0" timestamp="19 Mar 2020 20:39:08 GMT" time="0.006" errors="0">
  <testcase name="test" time="0.006" classname="tests.TC3_testing"/>
</testsuite> <!-- tests.TC3_testing -->
