<?xml version="1.0" encoding="UTF-8"?>
<!-- Generated by org.testng.reporters.JUnitReportReporter -->
<testsuite hostname="DESKTOP-J4QN1N8" name="tests.RegisterationTest" tests="1" failures="0" timestamp="16 Mar 2020 20:12:54 GMT" time="5.608" errors="0">
  <testcase name="UserCanRegister" time="5.608" classname="tests.RegisterationTest"/>
</testsuite> <!-- tests.RegisterationTest -->
