<?xml version="1.0" encoding="UTF-8"?>
<!-- Generated by org.testng.reporters.JUnitReportReporter -->
<testsuite hostname="E0473750" name="tests.RegisterationTestWithFakerJava" tests="1" failures="0" timestamp="1 May 2019 17:29:56 GMT" time="7.849" errors="0">
  <testcase name="UserCanRegister" time="7.849" classname="tests.RegisterationTestWithFakerJava"/>
</testsuite> <!-- tests.RegisterationTestWithFakerJava -->
