<?xml version="1.0" encoding="UTF-8"?>
<!-- Generated by org.testng.reporters.JUnitReportReporter -->
<testsuite hostname="E0473750" name="tests.RegisterationTestWithPropertiesFile" tests="1" failures="0" timestamp="26 Apr 2019 19:27:38 GMT" time="6.174" errors="0">
  <testcase name="UserCanRegister" time="6.174" classname="tests.RegisterationTestWithPropertiesFile"/>
</testsuite> <!-- tests.RegisterationTestWithPropertiesFile -->
