<?xml version="1.0" encoding="UTF-8"?>
<!-- Generated by org.testng.reporters.JUnitReportReporter -->
<testsuite hostname="E0473750" name="tests.RegisterationTestWithJSONFile" tests="1" failures="0" timestamp="1 May 2019 15:13:36 GMT" time="7.146" errors="0">
  <testcase name="UserCanRegister" time="7.146" classname="tests.RegisterationTestWithJSONFile"/>
</testsuite> <!-- tests.RegisterationTestWithJSONFile -->
