<?xml version="1.0" encoding="UTF-8"?>
<!-- Generated by org.testng.reporters.JUnitReportReporter -->
<testsuite hostname="E0473750" name="tests.RegisterationTestWithExcelFile" tests="2" failures="0" timestamp="26 Apr 2019 22:25:11 GMT" time="23.704" errors="0">
  <testcase name="UserCanRegister" time="8.490" classname="tests.RegisterationTestWithExcelFile"/>
  <testcase name="UserCanRegister" time="15.214" classname="tests.RegisterationTestWithExcelFile"/>
</testsuite> <!-- tests.RegisterationTestWithExcelFile -->
