<?xml version="1.0" encoding="UTF-8"?>
<!-- Generated by org.testng.reporters.JUnitReportReporter -->
<testsuite hostname="E0473750" name="tests.RegisterationTestWithCSVFile" tests="1" failures="0" timestamp="30 Apr 2019 17:23:21 GMT" time="25.447" errors="0">
  <testcase name="UserCanRegister" time="25.447" classname="tests.RegisterationTestWithCSVFile"/>
</testsuite> <!-- tests.RegisterationTestWithCSVFile -->
