<?xml version="1.0" encoding="UTF-8"?>
<!-- Generated by org.testng.reporters.JUnitReportReporter -->
<testsuite hostname="DESKTOP-J4QN1N8" name="tests.TC2_API_Automation" tests="1" failures="0" timestamp="21 Mar 2020 21:12:36 GMT" time="3.329" errors="0">
  <testcase name="TC2_API_facts_random" time="3.329" classname="tests.TC2_API_Automation"/>
</testsuite> <!-- tests.TC2_API_Automation -->
