<?xml version="1.0" encoding="UTF-8"?>
<!-- Generated by org.testng.reporters.JUnitReportReporter -->
<testsuite hostname="DESKTOP-J4QN1N8" name="tests.TC1_Search" tests="1" failures="0" timestamp="21 Mar 2020 21:12:36 GMT" time="42.770" errors="0">
  <testcase name="TC1_GoogleSearch" time="42.770" classname="tests.TC1_Search"/>
</testsuite> <!-- tests.TC1_Search -->
